#
# There is insufficient memory for the Java Runtime Environment to continue.
# Native memory allocation (malloc) failed to allocate 473056 bytes for Chunk::new
# Possible reasons:
#   The system is out of physical RAM or swap space
#   In 32 bit mode, the process size limit was hit
# Possible solutions:
#   Reduce memory load on the system
#   Increase physical memory or swap space
#   Check if swap backing store is full
#   Use 64 bit Java on a 64 bit OS
#   Decrease Java heap size (-Xmx/-Xms)
#   Decrease number of Java threads
#   Decrease Java thread stack sizes (-Xss)
#   Set larger code cache with -XX:ReservedCodeCacheSize=
# This output file may be truncated or incomplete.
#
#  Out of Memory Error (allocation.cpp:390), pid=2572, tid=16372
#
# JRE version: Java(TM) SE Runtime Environment (8.0_31-b13) (build 1.8.0_31-b13)
# Java VM: Java HotSpot(TM) 64-Bit Server VM (25.31-b07 mixed mode windows-amd64 compressed oops)
# Failed to write core dump. Minidumps are not enabled by default on client versions of Windows
#

---------------  T H R E A D  ---------------

Current thread (0x0000000014f40000):  JavaThread "C2 CompilerThread1" daemon [_thread_in_native, id=16372, stack(0x00000000165b0000,0x00000000166b0000)]

Stack: [0x00000000165b0000,0x00000000166b0000]
Native frames: (J=compiled Java code, j=interpreted, Vv=VM code, C=native code)
V  [jvm.dll+0x3169ba]


Current CompileTask:
C2:   3400 1087       4       com.android.dx.ssa.SsaMethod::forEachInsn (36 bytes)


---------------  P R O C E S S  ---------------

Java Threads: ( => current thread )
  0x0000000016c1d800 JavaThread "pool-1-thread-4" [_thread_in_vm, id=14896, stack(0x00000000171b0000,0x00000000172b0000)]
  0x0000000016c4e000 JavaThread "pool-1-thread-3" [_thread_in_vm, id=11928, stack(0x00000000170b0000,0x00000000171b0000)]
  0x0000000016c4d000 JavaThread "pool-1-thread-2" [_thread_in_vm, id=13728, stack(0x0000000016fb0000,0x00000000170b0000)]
  0x0000000016c49000 JavaThread "pool-2-thread-1" [_thread_blocked, id=12708, stack(0x0000000016eb0000,0x0000000016fb0000)]
  0x0000000016c48000 JavaThread "pool-1-thread-1" [_thread_in_vm, id=11144, stack(0x0000000016db0000,0x0000000016eb0000)]
  0x0000000014f95800 JavaThread "Service Thread" daemon [_thread_blocked, id=11096, stack(0x00000000167b0000,0x00000000168b0000)]
  0x0000000014f91000 JavaThread "C1 CompilerThread2" daemon [_thread_blocked, id=14844, stack(0x00000000166b0000,0x00000000167b0000)]
=>0x0000000014f40000 JavaThread "C2 CompilerThread1" daemon [_thread_in_native, id=16372, stack(0x00000000165b0000,0x00000000166b0000)]
  0x0000000014f3e000 JavaThread "C2 CompilerThread0" daemon [_thread_in_native, id=15072, stack(0x00000000164b0000,0x00000000165b0000)]
  0x0000000014f3c800 JavaThread "Attach Listener" daemon [_thread_blocked, id=1820, stack(0x00000000163b0000,0x00000000164b0000)]
  0x0000000014f3b800 JavaThread "Signal Dispatcher" daemon [_thread_blocked, id=2900, stack(0x00000000162b0000,0x00000000163b0000)]
  0x0000000002860800 JavaThread "Finalizer" daemon [_thread_blocked, id=11600, stack(0x00000000161b0000,0x00000000162b0000)]
  0x000000000285d000 JavaThread "Reference Handler" daemon [_thread_blocked, id=4800, stack(0x00000000160b0000,0x00000000161b0000)]
  0x0000000000e0e800 JavaThread "main" [_thread_in_native, id=12660, stack(0x0000000002670000,0x0000000002770000)]

Other Threads:
  0x0000000014f06000 VMThread [stack: 0x0000000015fb0000,0x00000000160b0000] [id=13388]
  0x0000000014f98800 WatcherThread [stack: 0x00000000168b0000,0x00000000169b0000] [id=7932]

VM state:not at safepoint (normal execution)

VM Mutex/Monitor currently owned by a thread: None

Heap:
 PSYoungGen      total 28672K, used 24470K [0x00000000eab00000, 0x00000000ecb00000, 0x0000000100000000)
  eden space 24576K, 99% used [0x00000000eab00000,0x00000000ec2e5958,0x00000000ec300000)
  from space 4096K, 0% used [0x00000000ec700000,0x00000000ec700000,0x00000000ecb00000)
  to   space 4096K, 0% used [0x00000000ec300000,0x00000000ec300000,0x00000000ec700000)
 ParOldGen       total 65536K, used 0K [0x00000000c0000000, 0x00000000c4000000, 0x00000000eab00000)
  object space 65536K, 0% used [0x00000000c0000000,0x00000000c0000000,0x00000000c4000000)
 Metaspace       used 5973K, capacity 6896K, committed 7040K, reserved 1056768K
  class space    used 594K, capacity 616K, committed 640K, reserved 1048576K

Card table byte_map: [0x0000000011c30000,0x0000000011e40000] byte_map_base: 0x0000000011630000

Marking Bits: (ParMarkBitMap*) 0x00000000571ed4f0
 Begin Bits: [0x00000000123a0000, 0x00000000133a0000)
 End Bits:   [0x00000000133a0000, 0x00000000143a0000)

Polling page: 0x0000000000c90000

CodeCache: size=245760Kb used=4415Kb max_used=4415Kb free=241344Kb
 bounds [0x0000000002870000, 0x0000000002cd0000, 0x0000000011870000]
 total_blobs=1382 nmethods=1116 adapters=180
 compilation: enabled

Compilation events (10 events):
Event: 3.396 Thread 0x0000000014f91000 1118       3       com.android.dx.dex.cf.AttributeTranslator::getExceptions (32 bytes)
Event: 3.396 Thread 0x0000000014f91000 nmethod 1118 0x0000000002cc1d10 code [0x0000000002cc1ea0, 0x0000000002cc22f8]
Event: 3.396 Thread 0x0000000014f91000 1119       3       com.android.dx.rop.cst.CstFieldRef::getType (8 bytes)
Event: 3.396 Thread 0x0000000014f91000 nmethod 1119 0x0000000002cc2490 code [0x0000000002cc2600, 0x0000000002cc29a8]
Event: 3.396 Thread 0x0000000014f91000 1120       3       com.android.dx.rop.type.Type::isIntlike (56 bytes)
Event: 3.397 Thread 0x0000000014f91000 nmethod 1120 0x0000000002cc2ad0 code [0x0000000002cc2c20, 0x0000000002cc2db0]
Event: 3.397 Thread 0x0000000014f91000 1121       3       com.android.dx.rop.cst.CstBaseMethodRef::getPrototype (41 bytes)
Event: 3.397 Thread 0x0000000014f91000 nmethod 1121 0x0000000002cc2e50 code [0x0000000002cc2fc0, 0x0000000002cc33c8]
Event: 3.397 Thread 0x0000000014f91000 1122       1       com.android.dx.cf.code.BaseMachine::getPrototype (5 bytes)
Event: 3.397 Thread 0x0000000014f91000 nmethod 1122 0x0000000002cc34d0 code [0x0000000002cc3620, 0x0000000002cc3730]

GC Heap History (0 events):
No events

Deoptimization events (0 events):
No events

Internal exceptions (10 events):
Event: 2.815 Thread 0x0000000016c1d800 Exception <a 'java/security/PrivilegedActionException'> (0x00000000eb48fc10) thrown at [C:\workspace\8-2-build-windows-amd64-cygwin\jdk8u31\2394\hotspot\src\share\vm\prims\jvm.cpp, line 1312]
Event: 2.816 Thread 0x0000000016c4e000 Exception <a 'java/security/PrivilegedActionException'> (0x00000000eb4dab40) thrown at [C:\workspace\8-2-build-windows-amd64-cygwin\jdk8u31\2394\hotspot\src\share\vm\prims\jvm.cpp, line 1312]
Event: 2.834 Thread 0x0000000016c48000 Exception <a 'java/security/PrivilegedActionException'> (0x00000000eb812728) thrown at [C:\workspace\8-2-build-windows-amd64-cygwin\jdk8u31\2394\hotspot\src\share\vm\prims\jvm.cpp, line 1312]
Event: 2.835 Thread 0x0000000016c48000 Exception <a 'java/security/PrivilegedActionException'> (0x00000000eb818130) thrown at [C:\workspace\8-2-build-windows-amd64-cygwin\jdk8u31\2394\hotspot\src\share\vm\prims\jvm.cpp, line 1312]
Event: 2.836 Thread 0x0000000016c48000 Exception <a 'java/security/PrivilegedActionException'> (0x00000000eb81d8b8) thrown at [C:\workspace\8-2-build-windows-amd64-cygwin\jdk8u31\2394\hotspot\src\share\vm\prims\jvm.cpp, line 1312]
Event: 2.838 Thread 0x0000000016c4d000 Exception <a 'java/security/PrivilegedActionException'> (0x00000000eb8f1c68) thrown at [C:\workspace\8-2-build-windows-amd64-cygwin\jdk8u31\2394\hotspot\src\share\vm\prims\jvm.cpp, line 1312]
Event: 3.100 Thread 0x0000000016c1d800 Exception <a 'java/security/PrivilegedActionException'> (0x00000000ebb70380) thrown at [C:\workspace\8-2-build-windows-amd64-cygwin\jdk8u31\2394\hotspot\src\share\vm\prims\jvm.cpp, line 1312]
Event: 3.110 Thread 0x0000000016c1d800 Exception <a 'java/security/PrivilegedActionException'> (0x00000000ebb978a8) thrown at [C:\workspace\8-2-build-windows-amd64-cygwin\jdk8u31\2394\hotspot\src\share\vm\prims\jvm.cpp, line 1312]
Event: 3.222 Thread 0x0000000000e0e800 Exception <a 'java/security/PrivilegedActionException'> (0x00000000ebf16b40) thrown at [C:\workspace\8-2-build-windows-amd64-cygwin\jdk8u31\2394\hotspot\src\share\vm\prims\jvm.cpp, line 1312]
Event: 3.227 Thread 0x0000000000e0e800 Exception <a 'java/security/PrivilegedActionException'> (0x00000000ebf22ab0) thrown at [C:\workspace\8-2-build-windows-amd64-cygwin\jdk8u31\2394\hotspot\src\share\vm\prims\jvm.cpp, line 1312]

Events (10 events):
Event: 3.113 loading class java/util/HashMap$Values
Event: 3.113 loading class java/util/HashMap$Values done
Event: 3.113 loading class java/util/HashMap$ValueIterator
Event: 3.113 loading class java/util/HashMap$ValueIterator done
Event: 3.131 loading class java/util/DualPivotQuicksort
Event: 3.131 loading class java/util/DualPivotQuicksort done
Event: 3.222 loading class com/android/dx/cf/attrib/AttRuntimeVisibleAnnotations
Event: 3.222 loading class com/android/dx/cf/attrib/AttRuntimeVisibleAnnotations done
Event: 3.224 loading class com/android/dx/cf/attrib/AttExceptions
Event: 3.224 loading class com/android/dx/cf/attrib/AttExceptions done


Dynamic libraries:
0x00007ff68dcd0000 - 0x00007ff68dd04000 	C:\Program Files\Java\jdk1.8.0_31\bin\java.exe
0x00007ffc28700000 - 0x00007ffc288db000 	C:\WINDOWS\SYSTEM32\ntdll.dll
0x00007ffc07490000 - 0x00007ffc074c3000 	C:\Program Files\AVAST Software\Avast\x64\aswhooka.dll
0x00007ffc264e0000 - 0x00007ffc2658e000 	C:\WINDOWS\System32\KERNEL32.DLL
0x00007ffc25a10000 - 0x00007ffc25c59000 	C:\WINDOWS\System32\KERNELBASE.dll
0x00007ffc22fd0000 - 0x00007ffc2304e000 	C:\WINDOWS\SYSTEM32\apphelp.dll
0x00007ffc28650000 - 0x00007ffc286f1000 	C:\WINDOWS\System32\ADVAPI32.dll
0x00007ffc25eb0000 - 0x00007ffc25f4d000 	C:\WINDOWS\System32\msvcrt.dll
0x00007ffc26590000 - 0x00007ffc265e9000 	C:\WINDOWS\System32\sechost.dll
0x00007ffc26a00000 - 0x00007ffc26b25000 	C:\WINDOWS\System32\RPCRT4.dll
0x00007ffc28430000 - 0x00007ffc2857a000 	C:\WINDOWS\System32\USER32.dll
0x00007ffc25520000 - 0x00007ffc2553e000 	C:\WINDOWS\System32\win32u.dll
0x00007ffc26200000 - 0x00007ffc26227000 	C:\WINDOWS\System32\GDI32.dll
0x00007ffc255b0000 - 0x00007ffc25738000 	C:\WINDOWS\System32\gdi32full.dll
0x00007ffc25320000 - 0x00007ffc253ba000 	C:\WINDOWS\System32\msvcp_win.dll
0x00007ffc25740000 - 0x00007ffc25836000 	C:\WINDOWS\System32\ucrtbase.dll
0x00007ffc17ad0000 - 0x00007ffc17d37000 	C:\WINDOWS\WinSxS\amd64_microsoft.windows.common-controls_6595b64144ccf1df_6.0.15063.0_none_108e4f62dfe5d999\COMCTL32.dll
0x00007ffc265f0000 - 0x00007ffc268e9000 	C:\WINDOWS\System32\combase.dll
0x00007ffc25540000 - 0x00007ffc255aa000 	C:\WINDOWS\System32\bcryptPrimitives.dll
0x00007ffc25f50000 - 0x00007ffc25f7d000 	C:\WINDOWS\System32\IMM32.DLL
0x0000000058f90000 - 0x0000000059062000 	C:\Program Files\Java\jdk1.8.0_31\jre\bin\msvcr100.dll
0x0000000056a10000 - 0x000000005726a000 	C:\Program Files\Java\jdk1.8.0_31\jre\bin\server\jvm.dll
0x00007ffc25e00000 - 0x00007ffc25e08000 	C:\WINDOWS\System32\PSAPI.DLL
0x00007ffc10530000 - 0x00007ffc10539000 	C:\WINDOWS\SYSTEM32\WSOCK32.dll
0x00007ffc285e0000 - 0x00007ffc2864c000 	C:\WINDOWS\System32\WS2_32.dll
0x00007ffc230e0000 - 0x00007ffc23103000 	C:\WINDOWS\SYSTEM32\WINMM.dll
0x00007ffc23080000 - 0x00007ffc230ab000 	C:\WINDOWS\SYSTEM32\WINMMBASE.dll
0x00007ffc253c0000 - 0x00007ffc25409000 	C:\WINDOWS\System32\cfgmgr32.dll
0x0000000058f80000 - 0x0000000058f8f000 	C:\Program Files\Java\jdk1.8.0_31\jre\bin\verify.dll
0x0000000058f50000 - 0x0000000058f78000 	C:\Program Files\Java\jdk1.8.0_31\jre\bin\java.dll
0x0000000058f30000 - 0x0000000058f46000 	C:\Program Files\Java\jdk1.8.0_31\jre\bin\zip.dll
0x00007ffc26f70000 - 0x00007ffc283a7000 	C:\WINDOWS\System32\SHELL32.dll
0x00007ffc25fa0000 - 0x00007ffc2604a000 	C:\WINDOWS\System32\shcore.dll
0x00007ffc24c20000 - 0x00007ffc25312000 	C:\WINDOWS\System32\windows.storage.dll
0x00007ffc26050000 - 0x00007ffc260a1000 	C:\WINDOWS\System32\shlwapi.dll
0x00007ffc24c00000 - 0x00007ffc24c11000 	C:\WINDOWS\System32\kernel.appcore.dll
0x00007ffc24b70000 - 0x00007ffc24bbc000 	C:\WINDOWS\System32\powrprof.dll
0x00007ffc24be0000 - 0x00007ffc24bf5000 	C:\WINDOWS\System32\profapi.dll

VM Arguments:
jvm_args: -Djava.awt.headless=true -Xmx1024M -Dfile.encoding=windows-1252 -Duser.country=US -Duser.language=en -Duser.variant 
java_command: com.android.dx.command.Main --dex --num-threads=4 --output C:\Users\Billy\AndroidStudioProjects\SideDeckV2\app\build\intermediates\pre-dexed\release\classes_9fc16c4bc4633c92909be98b0507b1e3e251f799.jar C:\Users\Billy\.android\build-cache\047b5400b7895c300d17a3f3c0ea9a56dc0ef03b\output\jars\classes.jar
java_class_path (initial): C:\Users\Billy\AppData\Local\Android\sdk2\build-tools\26.0.0\lib\dx.jar
Launcher Type: SUN_STANDARD

Environment Variables:
JAVA_HOME=C:\Program Files\Java\jdk1.8.0_31
CLASSPATH=.;C:\Program Files (x86)\Java\jre1.8.0_111\lib\ext\QTJava.zip
PATH=C:\Program Files (x86)\Google\Chrome\Application;c:\programdata\oracle\java\javapath;c:\program files (x86)\intel\icls client\;c:\program files\intel\icls client\;c:\windows\system32;c:\windows;c:\windows\system32\wbem;c:\windows\system32\windowspowershell\v1.0\;c:\program files (x86)\gnu\gnupg\pub;c:\windows\system32\config\systemprofile\.dnx\bin;c:\program files\microsoft dnx\dnvm\;c:\program files (x86)\windows kits\8.1\windows performance toolkit\;c:\program files\microsoft sql server\120\tools\binn\;c:\program files\nodejs\;c:\program files (x86)\heroku\bin;c:\program files (x86)\git\cmd;c:\program files\microsoft\web platform installer\;c:\program files (x86)\gtksharp\2.12\bin;c:\program files (x86)\skype\phone\;c:\program files (x86)\quicktime\qtsystem\;c:\windows\syswow64\windowspowershell\v1.0\modules\tshell\tshell\;%systemroot%\system32;%systemroot%;%systemroot%\system32\wbem;%systemroot%\system32\windowspowershell\v1.0\;C:\RailsInstaller\Ruby2.3.0\bin;C:\Users\Billy\AppData\Local\Programs\Python\Python36-32\Scripts\;C:\Users\Billy\AppData\Local\Programs\Python\Python36-32\;C:\Ruby22-x64\bin;C:\Users\Billy\AppData\Roaming\npm;C:\Users\Billy\Downloads\mingw\bin;C:\Program Files\Java\jdk1.8.0_31\bin;C:\Users\Billy\AppData\Local\Microsoft\WindowsApps;C:\Users\Billy\AppData\Local\Android\sdk1\platform-tools;C:\Users\Billy\AppData\Local\Google\Cloud SDK\google-cloud-sdk\bin;C:\Program Files\Heroku\bin
USERNAME=Billy
OS=Windows_NT
PROCESSOR_IDENTIFIER=Intel64 Family 6 Model 58 Stepping 9, GenuineIntel



---------------  S Y S T E M  ---------------

OS: Windows 8.1 , 64 bit Build 9600 

CPU:total 4 (2 cores per cpu, 2 threads per core) family 6 model 58 stepping 9, cmov, cx8, fxsr, mmx, sse, sse2, sse3, ssse3, sse4.1, sse4.2, popcnt, avx, aes, clmul, erms, ht, tsc, tscinvbit, tscinv

Memory: 4k page, physical 6240620k(254716k free), swap 9722220k(2320k free)

vm_info: Java HotSpot(TM) 64-Bit Server VM (25.31-b07) for windows-amd64 JRE (1.8.0_31-b13), built on Dec 17 2014 21:00:28 by "java_re" with MS VC++ 10.0 (VS2010)

time: Sun Jul 09 00:08:17 2017
elapsed time: 3 seconds (0d 0h 0m 3s)

