#
# There is insufficient memory for the Java Runtime Environment to continue.
# Native memory allocation (malloc) failed to allocate 1141696 bytes for Chunk::new
# Possible reasons:
#   The system is out of physical RAM or swap space
#   In 32 bit mode, the process size limit was hit
# Possible solutions:
#   Reduce memory load on the system
#   Increase physical memory or swap space
#   Check if swap backing store is full
#   Use 64 bit Java on a 64 bit OS
#   Decrease Java heap size (-Xmx/-Xms)
#   Decrease number of Java threads
#   Decrease Java thread stack sizes (-Xss)
#   Set larger code cache with -XX:ReservedCodeCacheSize=
# This output file may be truncated or incomplete.
#
#  Out of Memory Error (allocation.cpp:390), pid=2136, tid=13136
#
# JRE version: Java(TM) SE Runtime Environment (8.0_31-b13) (build 1.8.0_31-b13)
# Java VM: Java HotSpot(TM) 64-Bit Server VM (25.31-b07 mixed mode windows-amd64 compressed oops)
# Failed to write core dump. Minidumps are not enabled by default on client versions of Windows
#

---------------  T H R E A D  ---------------

Current thread (0x0000000014f82800):  JavaThread "C2 CompilerThread1" daemon [_thread_in_native, id=13136, stack(0x00000000165b0000,0x00000000166b0000)]

Stack: [0x00000000165b0000,0x00000000166b0000]
Native frames: (J=compiled Java code, j=interpreted, Vv=VM code, C=native code)
V  [jvm.dll+0x3169ba]
V  [jvm.dll+0x2674c3]
V  [jvm.dll+0x268103]
V  [jvm.dll+0x25f8f5]
V  [jvm.dll+0xbf025]
V  [jvm.dll+0xbf4cc]
V  [jvm.dll+0x45df82]
V  [jvm.dll+0x49f21f]
V  [jvm.dll+0x453401]
V  [jvm.dll+0x454124]
V  [jvm.dll+0x437c62]
V  [jvm.dll+0x988e2]
V  [jvm.dll+0x990d3]
V  [jvm.dll+0x22c194]
V  [jvm.dll+0x28576a]
C  [msvcr100.dll+0x21d9f]
C  [msvcr100.dll+0x21e3b]
C  [KERNEL32.DLL+0x12774]
C  [ntdll.dll+0x70d61]


Current CompileTask:
C2:   3398 1563       4       com.android.dx.dex.code.OutputFinisher::addConstants (134 bytes)


---------------  P R O C E S S  ---------------

Java Threads: ( => current thread )
  0x0000000016b34000 JavaThread "pool-1-thread-1" [_thread_in_vm, id=14036, stack(0x0000000019a50000,0x0000000019b50000)]
  0x0000000014f8d800 JavaThread "Service Thread" daemon [_thread_blocked, id=6816, stack(0x00000000167b0000,0x00000000168b0000)]
  0x0000000014f85800 JavaThread "C1 CompilerThread2" daemon [_thread_blocked, id=2128, stack(0x00000000166b0000,0x00000000167b0000)]
=>0x0000000014f82800 JavaThread "C2 CompilerThread1" daemon [_thread_in_native, id=13136, stack(0x00000000165b0000,0x00000000166b0000)]
  0x0000000014f2f000 JavaThread "C2 CompilerThread0" daemon [_thread_blocked, id=15716, stack(0x00000000164b0000,0x00000000165b0000)]
  0x0000000014f2e000 JavaThread "Attach Listener" daemon [_thread_blocked, id=10500, stack(0x00000000163b0000,0x00000000164b0000)]
  0x0000000014f2c800 JavaThread "Signal Dispatcher" daemon [_thread_blocked, id=13736, stack(0x00000000162b0000,0x00000000163b0000)]
  0x0000000002850800 JavaThread "Finalizer" daemon [_thread_blocked, id=3808, stack(0x00000000161b0000,0x00000000162b0000)]
  0x000000000284d800 JavaThread "Reference Handler" daemon [_thread_blocked, id=7740, stack(0x00000000160b0000,0x00000000161b0000)]
  0x000000000275e800 JavaThread "main" [_thread_blocked, id=14252, stack(0x00000000025e0000,0x00000000026e0000)]

Other Threads:
  0x0000000014ef6000 VMThread [stack: 0x0000000015fb0000,0x00000000160b0000] [id=14104]
  0x00000000168b1800 WatcherThread [stack: 0x0000000016cb0000,0x0000000016db0000] [id=1168]

VM state:not at safepoint (normal execution)

VM Mutex/Monitor currently owned by a thread: None

Heap:
 PSYoungGen      total 28672K, used 18211K [0x00000000eab00000, 0x00000000ee300000, 0x0000000100000000)
  eden space 24576K, 57% used [0x00000000eab00000,0x00000000eb8ceca0,0x00000000ec300000)
  from space 4096K, 99% used [0x00000000ec700000,0x00000000ecafa000,0x00000000ecb00000)
  to   space 4096K, 0% used [0x00000000ec300000,0x00000000ec300000,0x00000000ec700000)
 ParOldGen       total 65536K, used 5835K [0x00000000c0000000, 0x00000000c4000000, 0x00000000eab00000)
  object space 65536K, 8% used [0x00000000c0000000,0x00000000c05b2c70,0x00000000c4000000)
 Metaspace       used 6234K, capacity 7152K, committed 7296K, reserved 1056768K
  class space    used 601K, capacity 616K, committed 640K, reserved 1048576K

Card table byte_map: [0x0000000011c20000,0x0000000011e30000] byte_map_base: 0x0000000011620000

Marking Bits: (ParMarkBitMap*) 0x00000000571ed4f0
 Begin Bits: [0x0000000012390000, 0x0000000013390000)
 End Bits:   [0x0000000013390000, 0x0000000014390000)

Polling page: 0x0000000002520000

CodeCache: size=245760Kb used=6192Kb max_used=6209Kb free=239567Kb
 bounds [0x0000000002860000, 0x0000000002e80000, 0x0000000011860000]
 total_blobs=1832 nmethods=1566 adapters=180
 compilation: enabled

Compilation events (10 events):
Event: 3.297 Thread 0x0000000014f82800 nmethod 1560 0x0000000002e66790 code [0x0000000002e66940, 0x0000000002e67068]
Event: 3.297 Thread 0x0000000014f82800 1563       4       com.android.dx.dex.code.OutputFinisher::addConstants (134 bytes)
Event: 3.298 Thread 0x0000000014f2f000 nmethod 1561 0x0000000002e5f590 code [0x0000000002e5f6c0, 0x0000000002e5f818]
Event: 3.298 Thread 0x0000000014f2f000 1562       4       com.android.dx.dex.code.OutputFinisher::addConstants (68 bytes)
Event: 3.298 Thread 0x0000000014f85800 1568       3       com.android.dx.dex.file.CodeItem::addContents (174 bytes)
Event: 3.300 Thread 0x0000000014f85800 nmethod 1568 0x0000000002e6d850 code [0x0000000002e6db60, 0x0000000002e6f508]
Event: 3.302 Thread 0x0000000014f85800 1570       3       java.util.HashMap::keySet (27 bytes)
Event: 3.302 Thread 0x0000000014f85800 nmethod 1570 0x0000000002e64450 code [0x0000000002e645e0, 0x0000000002e64990]
Event: 3.302 Thread 0x0000000014f85800 1571       3       java.util.HashMap$KeySet::iterator (12 bytes)
Event: 3.302 Thread 0x0000000014f85800 nmethod 1571 0x0000000002e63f50 code [0x0000000002e640c0, 0x0000000002e64328]

GC Heap History (4 events):
Event: 1.427 GC heap before
{Heap before GC invocations=1 (full 0):
 PSYoungGen      total 28672K, used 24576K [0x00000000eab00000, 0x00000000ecb00000, 0x0000000100000000)
  eden space 24576K, 100% used [0x00000000eab00000,0x00000000ec300000,0x00000000ec300000)
  from space 4096K, 0% used [0x00000000ec700000,0x00000000ec700000,0x00000000ecb00000)
  to   space 4096K, 0% used [0x00000000ec300000,0x00000000ec300000,0x00000000ec700000)
 ParOldGen       total 65536K, used 0K [0x00000000c0000000, 0x00000000c4000000, 0x00000000eab00000)
  object space 65536K, 0% used [0x00000000c0000000,0x00000000c0000000,0x00000000c4000000)
 Metaspace       used 5854K, capacity 6832K, committed 7040K, reserved 1056768K
  class space    used 594K, capacity 616K, committed 640K, reserved 1048576K
Event: 1.435 GC heap after
Heap after GC invocations=1 (full 0):
 PSYoungGen      total 28672K, used 4087K [0x00000000eab00000, 0x00000000ecb00000, 0x0000000100000000)
  eden space 24576K, 0% used [0x00000000eab00000,0x00000000eab00000,0x00000000ec300000)
  from space 4096K, 99% used [0x00000000ec300000,0x00000000ec6fdc98,0x00000000ec700000)
  to   space 4096K, 0% used [0x00000000ec700000,0x00000000ec700000,0x00000000ecb00000)
 ParOldGen       total 65536K, used 1752K [0x00000000c0000000, 0x00000000c4000000, 0x00000000eab00000)
  object space 65536K, 2% used [0x00000000c0000000,0x00000000c01b6220,0x00000000c4000000)
 Metaspace       used 5854K, capacity 6832K, committed 7040K, reserved 1056768K
  class space    used 594K, capacity 616K, committed 640K, reserved 1048576K
}
Event: 2.095 GC heap before
{Heap before GC invocations=2 (full 0):
 PSYoungGen      total 28672K, used 28663K [0x00000000eab00000, 0x00000000ecb00000, 0x0000000100000000)
  eden space 24576K, 100% used [0x00000000eab00000,0x00000000ec300000,0x00000000ec300000)
  from space 4096K, 99% used [0x00000000ec300000,0x00000000ec6fdc98,0x00000000ec700000)
  to   space 4096K, 0% used [0x00000000ec700000,0x00000000ec700000,0x00000000ecb00000)
 ParOldGen       total 65536K, used 1752K [0x00000000c0000000, 0x00000000c4000000, 0x00000000eab00000)
  object space 65536K, 2% used [0x00000000c0000000,0x00000000c01b6220,0x00000000c4000000)
 Metaspace       used 6114K, capacity 7088K, committed 7296K, reserved 1056768K
  class space    used 597K, capacity 616K, committed 640K, reserved 1048576K
Event: 2.282 GC heap after
Heap after GC invocations=2 (full 0):
 PSYoungGen      total 28672K, used 4072K [0x00000000eab00000, 0x00000000ee300000, 0x0000000100000000)
  eden space 24576K, 0% used [0x00000000eab00000,0x00000000eab00000,0x00000000ec300000)
  from space 4096K, 99% used [0x00000000ec700000,0x00000000ecafa000,0x00000000ecb00000)
  to   space 4096K, 0% used [0x00000000ec300000,0x00000000ec300000,0x00000000ec700000)
 ParOldGen       total 65536K, used 5835K [0x00000000c0000000, 0x00000000c4000000, 0x00000000eab00000)
  object space 65536K, 8% used [0x00000000c0000000,0x00000000c05b2c70,0x00000000c4000000)
 Metaspace       used 6114K, capacity 7088K, committed 7296K, reserved 1056768K
  class space    used 597K, capacity 616K, committed 640K, reserved 1048576K
}

Deoptimization events (10 events):
Event: 1.630 Thread 0x0000000016a8f000 Uncommon trap: reason=class_check action=maybe_recompile pc=0x0000000002c5c4fc method=java.util.HashMap.putVal(ILjava/lang/Object;Ljava/lang/Object;ZZ)Ljava/lang/Object; @ 203
Event: 1.887 Thread 0x0000000016b38800 Uncommon trap: reason=null_check action=make_not_entrant pc=0x0000000002b8506c method=com.android.dx.ssa.SsaRenamer.getLocalForNewReg(I)Lcom/android/dx/rop/code/LocalItem; @ 19
Event: 3.244 Thread 0x0000000016b34000 Uncommon trap: reason=class_check action=maybe_recompile pc=0x0000000002d56d64 method=java.util.Arrays.hashCode([Ljava/lang/Object;)I @ 43
Event: 3.244 Thread 0x0000000016b34000 Uncommon trap: reason=class_check action=maybe_recompile pc=0x0000000002d56d64 method=java.util.Arrays.hashCode([Ljava/lang/Object;)I @ 43
Event: 3.244 Thread 0x0000000016b34000 Uncommon trap: reason=class_check action=maybe_recompile pc=0x0000000002d56d64 method=java.util.Arrays.hashCode([Ljava/lang/Object;)I @ 43
Event: 3.244 Thread 0x0000000016b34000 Uncommon trap: reason=class_check action=maybe_recompile pc=0x0000000002d56d64 method=java.util.Arrays.hashCode([Ljava/lang/Object;)I @ 43
Event: 3.244 Thread 0x0000000016b34000 Uncommon trap: reason=class_check action=maybe_recompile pc=0x0000000002d42d88 method=java.util.Arrays.hashCode([Ljava/lang/Object;)I @ 43
Event: 3.267 Thread 0x0000000016b34000 Uncommon trap: reason=class_check action=maybe_recompile pc=0x0000000002c5c4fc method=java.util.HashMap.putVal(ILjava/lang/Object;Ljava/lang/Object;ZZ)Ljava/lang/Object; @ 203
Event: 3.268 Thread 0x0000000016b34000 Uncommon trap: reason=class_check action=maybe_recompile pc=0x0000000002c5c4fc method=java.util.HashMap.putVal(ILjava/lang/Object;Ljava/lang/Object;ZZ)Ljava/lang/Object; @ 203
Event: 3.281 Thread 0x0000000016b34000 Uncommon trap: reason=class_check action=maybe_recompile pc=0x0000000002c5c4fc method=java.util.HashMap.putVal(ILjava/lang/Object;Ljava/lang/Object;ZZ)Ljava/lang/Object; @ 203

Internal exceptions (10 events):
Event: 1.215 Thread 0x0000000016a8f000 Exception <a 'java/security/PrivilegedActionException'> (0x00000000eb8fc2d0) thrown at [C:\workspace\8-2-build-windows-amd64-cygwin\jdk8u31\2394\hotspot\src\share\vm\prims\jvm.cpp, line 1312]
Event: 1.249 Thread 0x0000000016b37800 Exception <a 'java/security/PrivilegedActionException'> (0x00000000ebb186f8) thrown at [C:\workspace\8-2-build-windows-amd64-cygwin\jdk8u31\2394\hotspot\src\share\vm\prims\jvm.cpp, line 1312]
Event: 1.356 Thread 0x0000000016b37800 Exception <a 'java/security/PrivilegedActionException'> (0x00000000ebf56900) thrown at [C:\workspace\8-2-build-windows-amd64-cygwin\jdk8u31\2394\hotspot\src\share\vm\prims\jvm.cpp, line 1312]
Event: 1.496 Thread 0x0000000016b34000 Exception <a 'java/security/PrivilegedActionException'> (0x00000000ead3d618) thrown at [C:\workspace\8-2-build-windows-amd64-cygwin\jdk8u31\2394\hotspot\src\share\vm\prims\jvm.cpp, line 1312]
Event: 1.617 Thread 0x000000000275e800 Exception <a 'java/security/PrivilegedActionException'> (0x00000000eb2677c8) thrown at [C:\workspace\8-2-build-windows-amd64-cygwin\jdk8u31\2394\hotspot\src\share\vm\prims\jvm.cpp, line 1312]
Event: 1.665 Thread 0x0000000016b34000 Exception <a 'java/security/PrivilegedActionException'> (0x00000000eb89a0d8) thrown at [C:\workspace\8-2-build-windows-amd64-cygwin\jdk8u31\2394\hotspot\src\share\vm\prims\jvm.cpp, line 1312]
Event: 1.887 Thread 0x0000000016b38800 Implicit null exception at 0x0000000002b830da to 0x0000000002b85045
Event: 2.994 Thread 0x000000000275e800 Exception <a 'java/security/PrivilegedActionException'> (0x00000000eb7e63f8) thrown at [C:\workspace\8-2-build-windows-amd64-cygwin\jdk8u31\2394\hotspot\src\share\vm\prims\jvm.cpp, line 1312]
Event: 3.246 Thread 0x0000000016b34000 Exception <a 'java/security/PrivilegedActionException'> (0x00000000eb825900) thrown at [C:\workspace\8-2-build-windows-amd64-cygwin\jdk8u31\2394\hotspot\src\share\vm\prims\jvm.cpp, line 1312]
Event: 3.282 Thread 0x0000000016b34000 Exception <a 'java/security/PrivilegedActionException'> (0x00000000eb847260) thrown at [C:\workspace\8-2-build-windows-amd64-cygwin\jdk8u31\2394\hotspot\src\share\vm\prims\jvm.cpp, line 1312]

Events (10 events):
Event: 3.267 Thread 0x0000000016b34000 DEOPT PACKING pc=0x0000000002c5c4fc sp=0x0000000019b4e900
Event: 3.267 Thread 0x0000000016b34000 DEOPT UNPACKING pc=0x00000000028a556a sp=0x0000000019b4e878 mode 2
Event: 3.268 Thread 0x0000000016b34000 Uncommon trap: trap_request=0xffffffde fr.pc=0x0000000002c5c4fc
Event: 3.268 Thread 0x0000000016b34000 DEOPT PACKING pc=0x0000000002c5c4fc sp=0x0000000019b4e900
Event: 3.268 Thread 0x0000000016b34000 DEOPT UNPACKING pc=0x00000000028a556a sp=0x0000000019b4e878 mode 2
Event: 3.281 Thread 0x0000000016b34000 Uncommon trap: trap_request=0xffffffde fr.pc=0x0000000002c5c4fc
Event: 3.281 Thread 0x0000000016b34000 DEOPT PACKING pc=0x0000000002c5c4fc sp=0x0000000019b4e740
Event: 3.281 Thread 0x0000000016b34000 DEOPT UNPACKING pc=0x00000000028a556a sp=0x0000000019b4e6b8 mode 2
Event: 3.282 loading class com/android/dx/dex/file/CatchStructs
Event: 3.282 loading class com/android/dx/dex/file/CatchStructs done


Dynamic libraries:
0x00007ff68dcd0000 - 0x00007ff68dd04000 	C:\Program Files\Java\jdk1.8.0_31\bin\java.exe
0x00007ffc28700000 - 0x00007ffc288db000 	C:\WINDOWS\SYSTEM32\ntdll.dll
0x00007ffc07490000 - 0x00007ffc074c3000 	C:\Program Files\AVAST Software\Avast\x64\aswhooka.dll
0x00007ffc264e0000 - 0x00007ffc2658e000 	C:\WINDOWS\System32\KERNEL32.DLL
0x00007ffc25a10000 - 0x00007ffc25c59000 	C:\WINDOWS\System32\KERNELBASE.dll
0x00007ffc22fd0000 - 0x00007ffc2304e000 	C:\WINDOWS\SYSTEM32\apphelp.dll
0x00007ffc28650000 - 0x00007ffc286f1000 	C:\WINDOWS\System32\ADVAPI32.dll
0x00007ffc25eb0000 - 0x00007ffc25f4d000 	C:\WINDOWS\System32\msvcrt.dll
0x00007ffc26590000 - 0x00007ffc265e9000 	C:\WINDOWS\System32\sechost.dll
0x00007ffc26a00000 - 0x00007ffc26b25000 	C:\WINDOWS\System32\RPCRT4.dll
0x00007ffc28430000 - 0x00007ffc2857a000 	C:\WINDOWS\System32\USER32.dll
0x00007ffc25520000 - 0x00007ffc2553e000 	C:\WINDOWS\System32\win32u.dll
0x00007ffc26200000 - 0x00007ffc26227000 	C:\WINDOWS\System32\GDI32.dll
0x00007ffc255b0000 - 0x00007ffc25738000 	C:\WINDOWS\System32\gdi32full.dll
0x00007ffc25320000 - 0x00007ffc253ba000 	C:\WINDOWS\System32\msvcp_win.dll
0x00007ffc25740000 - 0x00007ffc25836000 	C:\WINDOWS\System32\ucrtbase.dll
0x00007ffc17ad0000 - 0x00007ffc17d37000 	C:\WINDOWS\WinSxS\amd64_microsoft.windows.common-controls_6595b64144ccf1df_6.0.15063.0_none_108e4f62dfe5d999\COMCTL32.dll
0x00007ffc265f0000 - 0x00007ffc268e9000 	C:\WINDOWS\System32\combase.dll
0x00007ffc25540000 - 0x00007ffc255aa000 	C:\WINDOWS\System32\bcryptPrimitives.dll
0x00007ffc25f50000 - 0x00007ffc25f7d000 	C:\WINDOWS\System32\IMM32.DLL
0x0000000058f90000 - 0x0000000059062000 	C:\Program Files\Java\jdk1.8.0_31\jre\bin\msvcr100.dll
0x0000000056a10000 - 0x000000005726a000 	C:\Program Files\Java\jdk1.8.0_31\jre\bin\server\jvm.dll
0x00007ffc25e00000 - 0x00007ffc25e08000 	C:\WINDOWS\System32\PSAPI.DLL
0x00007ffc10530000 - 0x00007ffc10539000 	C:\WINDOWS\SYSTEM32\WSOCK32.dll
0x00007ffc285e0000 - 0x00007ffc2864c000 	C:\WINDOWS\System32\WS2_32.dll
0x00007ffc230e0000 - 0x00007ffc23103000 	C:\WINDOWS\SYSTEM32\WINMM.dll
0x00007ffc23080000 - 0x00007ffc230ab000 	C:\WINDOWS\SYSTEM32\WINMMBASE.dll
0x00007ffc253c0000 - 0x00007ffc25409000 	C:\WINDOWS\System32\cfgmgr32.dll
0x0000000058f80000 - 0x0000000058f8f000 	C:\Program Files\Java\jdk1.8.0_31\jre\bin\verify.dll
0x0000000058f50000 - 0x0000000058f78000 	C:\Program Files\Java\jdk1.8.0_31\jre\bin\java.dll
0x0000000058f30000 - 0x0000000058f46000 	C:\Program Files\Java\jdk1.8.0_31\jre\bin\zip.dll
0x00007ffc26f70000 - 0x00007ffc283a7000 	C:\WINDOWS\System32\SHELL32.dll
0x00007ffc25fa0000 - 0x00007ffc2604a000 	C:\WINDOWS\System32\shcore.dll
0x00007ffc24c20000 - 0x00007ffc25312000 	C:\WINDOWS\System32\windows.storage.dll
0x00007ffc26050000 - 0x00007ffc260a1000 	C:\WINDOWS\System32\shlwapi.dll
0x00007ffc24c00000 - 0x00007ffc24c11000 	C:\WINDOWS\System32\kernel.appcore.dll
0x00007ffc24b70000 - 0x00007ffc24bbc000 	C:\WINDOWS\System32\powrprof.dll
0x00007ffc24be0000 - 0x00007ffc24bf5000 	C:\WINDOWS\System32\profapi.dll
0x00007ffc17310000 - 0x00007ffc174b9000 	C:\WINDOWS\SYSTEM32\dbghelp.dll

VM Arguments:
jvm_args: -Djava.awt.headless=true -Xmx1024M -Dfile.encoding=windows-1252 -Duser.country=US -Duser.language=en -Duser.variant 
java_command: com.android.dx.command.Main --dex --force-jumbo --num-threads=4 --multi-dex --output C:\Users\Billy\AndroidStudioProjects\SideDeckV2\app\build\intermediates\transforms\dex\debug\folders\1000\10\classes_c0d7364c4bd2f088017693abde7a85a0cfe8e1b7 C:\Users\Billy\.android\build-cache\938d528c72371755a7a3638a0bdda010d098b8c6\output\jars\classes.jar
java_class_path (initial): C:\Users\Billy\AppData\Local\Android\sdk2\build-tools\26.0.0\lib\dx.jar
Launcher Type: SUN_STANDARD

Environment Variables:
JAVA_HOME=C:\Program Files\Java\jdk1.8.0_31
CLASSPATH=.;C:\Program Files (x86)\Java\jre1.8.0_111\lib\ext\QTJava.zip
PATH=C:\Program Files (x86)\Google\Chrome\Application;c:\programdata\oracle\java\javapath;c:\program files (x86)\intel\icls client\;c:\program files\intel\icls client\;c:\windows\system32;c:\windows;c:\windows\system32\wbem;c:\windows\system32\windowspowershell\v1.0\;c:\program files (x86)\gnu\gnupg\pub;c:\windows\system32\config\systemprofile\.dnx\bin;c:\program files\microsoft dnx\dnvm\;c:\program files (x86)\windows kits\8.1\windows performance toolkit\;c:\program files\microsoft sql server\120\tools\binn\;c:\program files\nodejs\;c:\program files (x86)\heroku\bin;c:\program files (x86)\git\cmd;c:\program files\microsoft\web platform installer\;c:\program files (x86)\gtksharp\2.12\bin;c:\program files (x86)\skype\phone\;c:\program files (x86)\quicktime\qtsystem\;c:\windows\syswow64\windowspowershell\v1.0\modules\tshell\tshell\;%systemroot%\system32;%systemroot%;%systemroot%\system32\wbem;%systemroot%\system32\windowspowershell\v1.0\;C:\RailsInstaller\Ruby2.3.0\bin;C:\Users\Billy\AppData\Local\Programs\Python\Python36-32\Scripts\;C:\Users\Billy\AppData\Local\Programs\Python\Python36-32\;C:\Ruby22-x64\bin;C:\Users\Billy\AppData\Roaming\npm;C:\Users\Billy\Downloads\mingw\bin;C:\Program Files\Java\jdk1.8.0_31\bin;C:\Users\Billy\AppData\Local\Microsoft\WindowsApps;C:\Users\Billy\AppData\Local\Android\sdk1\platform-tools;C:\Users\Billy\AppData\Local\Google\Cloud SDK\google-cloud-sdk\bin;C:\Program Files\Heroku\bin
USERNAME=Billy
OS=Windows_NT
PROCESSOR_IDENTIFIER=Intel64 Family 6 Model 58 Stepping 9, GenuineIntel



---------------  S Y S T E M  ---------------

OS: Windows 8.1 , 64 bit Build 9600 

CPU:total 4 (2 cores per cpu, 2 threads per core) family 6 model 58 stepping 9, cmov, cx8, fxsr, mmx, sse, sse2, sse3, ssse3, sse4.1, sse4.2, popcnt, avx, aes, clmul, erms, ht, tsc, tscinvbit, tscinv

Memory: 4k page, physical 6240620k(365772k free), swap 9722220k(7612k free)

vm_info: Java HotSpot(TM) 64-Bit Server VM (25.31-b07) for windows-amd64 JRE (1.8.0_31-b13), built on Dec 17 2014 21:00:28 by "java_re" with MS VC++ 10.0 (VS2010)

time: Sat Jul 08 22:18:56 2017
elapsed time: 3 seconds (0d 0h 0m 3s)

