#
# There is insufficient memory for the Java Runtime Environment to continue.
# Native memory allocation (malloc) failed to allocate 480104 bytes for AllocateHeap
# Possible reasons:
#   The system is out of physical RAM or swap space
#   In 32 bit mode, the process size limit was hit
# Possible solutions:
#   Reduce memory load on the system
#   Increase physical memory or swap space
#   Check if swap backing store is full
#   Use 64 bit Java on a 64 bit OS
#   Decrease Java heap size (-Xmx/-Xms)
#   Decrease number of Java threads
#   Decrease Java thread stack sizes (-Xss)
#   Set larger code cache with -XX:ReservedCodeCacheSize=
# This output file may be truncated or incomplete.
#
#  Out of Memory Error (memory/allocation.inline.hpp:62), pid=14904, tid=6464
#
# JRE version:  (8.0_31-b13) (build )
# Java VM: Java HotSpot(TM) 64-Bit Server VM (25.31-b07 mixed mode windows-amd64 compressed oops)
# Failed to write core dump. Minidumps are not enabled by default on client versions of Windows
#

---------------  T H R E A D  ---------------

Current thread (0x0000000002b0e800):  JavaThread "Unknown thread" [_thread_in_vm, id=6464, stack(0x0000000002990000,0x0000000002a90000)]

Stack: [0x0000000002990000,0x0000000002a90000]
Native frames: (J=compiled Java code, j=interpreted, Vv=VM code, C=native code)
V  [jvm.dll+0x3169ba]


---------------  P R O C E S S  ---------------

Java Threads: ( => current thread )

Other Threads:

=>0x0000000002b0e800 (exited) JavaThread "Unknown thread" [_thread_in_vm, id=6464, stack(0x0000000002990000,0x0000000002a90000)]

VM state:not at safepoint (not fully initialized)

VM Mutex/Monitor currently owned by a thread: None

GC Heap History (0 events):
No events

Deoptimization events (0 events):
No events

Internal exceptions (0 events):
No events

Events (0 events):
No events


Dynamic libraries:
0x00007ff68dcd0000 - 0x00007ff68dd04000 	C:\Program Files\Java\jdk1.8.0_31\bin\java.exe
0x00007ffc28700000 - 0x00007ffc288db000 	C:\WINDOWS\SYSTEM32\ntdll.dll
0x00007ffc07490000 - 0x00007ffc074c3000 	C:\Program Files\AVAST Software\Avast\x64\aswhooka.dll
0x00007ffc264e0000 - 0x00007ffc2658e000 	C:\WINDOWS\System32\KERNEL32.DLL
0x00007ffc25a10000 - 0x00007ffc25c59000 	C:\WINDOWS\System32\KERNELBASE.dll
0x00007ffc22fd0000 - 0x00007ffc2304e000 	C:\WINDOWS\SYSTEM32\apphelp.dll
0x00007ffc28650000 - 0x00007ffc286f1000 	C:\WINDOWS\System32\ADVAPI32.dll
0x00007ffc25eb0000 - 0x00007ffc25f4d000 	C:\WINDOWS\System32\msvcrt.dll
0x00007ffc26590000 - 0x00007ffc265e9000 	C:\WINDOWS\System32\sechost.dll
0x00007ffc26a00000 - 0x00007ffc26b25000 	C:\WINDOWS\System32\RPCRT4.dll
0x00007ffc28430000 - 0x00007ffc2857a000 	C:\WINDOWS\System32\USER32.dll
0x00007ffc25520000 - 0x00007ffc2553e000 	C:\WINDOWS\System32\win32u.dll
0x00007ffc26200000 - 0x00007ffc26227000 	C:\WINDOWS\System32\GDI32.dll
0x00007ffc255b0000 - 0x00007ffc25738000 	C:\WINDOWS\System32\gdi32full.dll
0x00007ffc25320000 - 0x00007ffc253ba000 	C:\WINDOWS\System32\msvcp_win.dll
0x00007ffc25740000 - 0x00007ffc25836000 	C:\WINDOWS\System32\ucrtbase.dll
0x00007ffc17ad0000 - 0x00007ffc17d37000 	C:\WINDOWS\WinSxS\amd64_microsoft.windows.common-controls_6595b64144ccf1df_6.0.15063.0_none_108e4f62dfe5d999\COMCTL32.dll
0x00007ffc265f0000 - 0x00007ffc268e9000 	C:\WINDOWS\System32\combase.dll
0x00007ffc25540000 - 0x00007ffc255aa000 	C:\WINDOWS\System32\bcryptPrimitives.dll
0x00007ffc25f50000 - 0x00007ffc25f7d000 	C:\WINDOWS\System32\IMM32.DLL
0x0000000058f90000 - 0x0000000059062000 	C:\Program Files\Java\jdk1.8.0_31\jre\bin\msvcr100.dll
0x0000000056a10000 - 0x000000005726a000 	C:\Program Files\Java\jdk1.8.0_31\jre\bin\server\jvm.dll
0x00007ffc25e00000 - 0x00007ffc25e08000 	C:\WINDOWS\System32\PSAPI.DLL
0x00007ffc10530000 - 0x00007ffc10539000 	C:\WINDOWS\SYSTEM32\WSOCK32.dll
0x00007ffc285e0000 - 0x00007ffc2864c000 	C:\WINDOWS\System32\WS2_32.dll
0x00007ffc230e0000 - 0x00007ffc23103000 	C:\WINDOWS\SYSTEM32\WINMM.dll
0x00007ffc23080000 - 0x00007ffc230ab000 	C:\WINDOWS\SYSTEM32\WINMMBASE.dll
0x00007ffc253c0000 - 0x00007ffc25409000 	C:\WINDOWS\System32\cfgmgr32.dll
0x0000000058f80000 - 0x0000000058f8f000 	C:\Program Files\Java\jdk1.8.0_31\jre\bin\verify.dll
0x0000000058f50000 - 0x0000000058f78000 	C:\Program Files\Java\jdk1.8.0_31\jre\bin\java.dll
0x0000000058f30000 - 0x0000000058f46000 	C:\Program Files\Java\jdk1.8.0_31\jre\bin\zip.dll

VM Arguments:
jvm_args: -Djava.awt.headless=true -Xmx1024M -Dfile.encoding=windows-1252 -Duser.country=US -Duser.language=en -Duser.variant 
java_command: com.android.dx.command.Main --dex --force-jumbo --num-threads=4 --multi-dex --output C:\Users\Billy\AndroidStudioProjects\SideDeckV2\app\build\intermediates\transforms\dex\debug\folders\1000\10\annotations-java5-15.0_b4b03d9191cea1c02a7f6f632d64ebbfbf75e27d C:\Users\Billy\.gradle\caches\modules-2\files-2.1\org.jetbrains\annotations-java5\15.0\7011b4551a8451906759b05814c58b9eb829ea9b\annotations-java5-15.0.jar
java_class_path (initial): C:\Users\Billy\AppData\Local\Android\sdk2\build-tools\26.0.0\lib\dx.jar
Launcher Type: SUN_STANDARD

Environment Variables:
JAVA_HOME=C:\Program Files\Java\jdk1.8.0_31
CLASSPATH=.;C:\Program Files (x86)\Java\jre1.8.0_111\lib\ext\QTJava.zip
PATH=C:\Program Files (x86)\Google\Chrome\Application;c:\programdata\oracle\java\javapath;c:\program files (x86)\intel\icls client\;c:\program files\intel\icls client\;c:\windows\system32;c:\windows;c:\windows\system32\wbem;c:\windows\system32\windowspowershell\v1.0\;c:\program files (x86)\gnu\gnupg\pub;c:\windows\system32\config\systemprofile\.dnx\bin;c:\program files\microsoft dnx\dnvm\;c:\program files (x86)\windows kits\8.1\windows performance toolkit\;c:\program files\microsoft sql server\120\tools\binn\;c:\program files\nodejs\;c:\program files (x86)\heroku\bin;c:\program files (x86)\git\cmd;c:\program files\microsoft\web platform installer\;c:\program files (x86)\gtksharp\2.12\bin;c:\program files (x86)\skype\phone\;c:\program files (x86)\quicktime\qtsystem\;c:\windows\syswow64\windowspowershell\v1.0\modules\tshell\tshell\;%systemroot%\system32;%systemroot%;%systemroot%\system32\wbem;%systemroot%\system32\windowspowershell\v1.0\;C:\RailsInstaller\Ruby2.3.0\bin;C:\Users\Billy\AppData\Local\Programs\Python\Python36-32\Scripts\;C:\Users\Billy\AppData\Local\Programs\Python\Python36-32\;C:\Ruby22-x64\bin;C:\Users\Billy\AppData\Roaming\npm;C:\Users\Billy\Downloads\mingw\bin;C:\Program Files\Java\jdk1.8.0_31\bin;C:\Users\Billy\AppData\Local\Microsoft\WindowsApps;C:\Users\Billy\AppData\Local\Android\sdk1\platform-tools;C:\Users\Billy\AppData\Local\Google\Cloud SDK\google-cloud-sdk\bin;C:\Program Files\Heroku\bin
USERNAME=Billy
OS=Windows_NT
PROCESSOR_IDENTIFIER=Intel64 Family 6 Model 58 Stepping 9, GenuineIntel



---------------  S Y S T E M  ---------------

OS: Windows 8.1 , 64 bit Build 9600 

CPU:total 4 (2 cores per cpu, 2 threads per core) family 6 model 58 stepping 9, cmov, cx8, fxsr, mmx, sse, sse2, sse3, ssse3, sse4.1, sse4.2, popcnt, avx, aes, clmul, erms, ht, tsc, tscinvbit, tscinv

Memory: 4k page, physical 6240620k(232312k free), swap 9722220k(2352k free)

vm_info: Java HotSpot(TM) 64-Bit Server VM (25.31-b07) for windows-amd64 JRE (1.8.0_31-b13), built on Dec 17 2014 21:00:28 by "java_re" with MS VC++ 10.0 (VS2010)

time: Sat Jul 08 22:18:46 2017
elapsed time: 0 seconds (0d 0h 0m 0s)

